{"/Users/alexandremoraes/Desktop/Projetos/spotify-page/src/App.js": {"path":"/Users/alexandremoraes/Desktop/Projetos/spotify-page/src/App.js","statementMap":{"0":{"start":{"line":9,"column":12},"end":{"line":17,"column":1}},"1":{"start":{"line":10,"column":2},"end":{"line":16,"column":4}}},"fnMap":{"0":{"name":"(anonymous_0)","decl":{"start":{"line":9,"column":12},"end":{"line":9,"column":13}},"loc":{"start":{"line":9,"column":18},"end":{"line":17,"column":1}},"line":9}},"branchMap":{},"s":{"0":1,"1":1},"f":{"0":1},"b":{},"_coverageSchema":"1a1c01bbd47fc00a2c39e90264f33305004495a9","hash":"92969da6a3ac2861d919d44b3053e030684858ad"}
,"/Users/alexandremoraes/Desktop/Projetos/spotify-page/src/components/Cartao/Cartao.js": {"path":"/Users/alexandremoraes/Desktop/Projetos/spotify-page/src/components/Cartao/Cartao.js","statementMap":{"0":{"start":{"line":4,"column":15},"end":{"line":13,"column":1}},"1":{"start":{"line":6,"column":2},"end":{"line":12,"column":4}}},"fnMap":{"0":{"name":"(anonymous_0)","decl":{"start":{"line":4,"column":15},"end":{"line":4,"column":16}},"loc":{"start":{"line":4,"column":72},"end":{"line":13,"column":1}},"line":4}},"branchMap":{},"s":{"0":6,"1":10},"f":{"0":10},"b":{},"_coverageSchema":"1a1c01bbd47fc00a2c39e90264f33305004495a9","hash":"3164d73bf373e2e6db7af54d253b8ebbefc3f8e0"}
,"/Users/alexandremoraes/Desktop/Projetos/spotify-page/src/components/InputPesquisa/InputPesquisa.js": {"path":"/Users/alexandremoraes/Desktop/Projetos/spotify-page/src/components/InputPesquisa/InputPesquisa.js","statementMap":{"0":{"start":{"line":6,"column":22},"end":{"line":32,"column":1}},"1":{"start":{"line":7,"column":28},"end":{"line":7,"column":52}},"2":{"start":{"line":8,"column":20},"end":{"line":8,"column":33}},"3":{"start":{"line":10,"column":2},"end":{"line":17,"column":14}},"4":{"start":{"line":11,"column":4},"end":{"line":16,"column":5}},"5":{"start":{"line":12,"column":20},"end":{"line":12,"column":60}},"6":{"start":{"line":12,"column":37},"end":{"line":12,"column":54}},"7":{"start":{"line":13,"column":6},"end":{"line":13,"column":39}},"8":{"start":{"line":13,"column":19},"end":{"line":13,"column":38}},"9":{"start":{"line":15,"column":6},"end":{"line":15,"column":31}},"10":{"start":{"line":19,"column":2},"end":{"line":31,"column":4}},"11":{"start":{"line":25,"column":23},"end":{"line":25,"column":47}},"12":{"start":{"line":34,"column":27},"end":{"line":38,"column":1}},"13":{"start":{"line":35,"column":2},"end":{"line":37,"column":4}},"14":{"start":{"line":36,"column":21},"end":{"line":36,"column":44}},"15":{"start":{"line":40,"column":24},"end":{"line":44,"column":1}},"16":{"start":{"line":41,"column":2},"end":{"line":43,"column":4}}},"fnMap":{"0":{"name":"(anonymous_0)","decl":{"start":{"line":6,"column":22},"end":{"line":6,"column":23}},"loc":{"start":{"line":6,"column":52},"end":{"line":32,"column":1}},"line":6},"1":{"name":"(anonymous_1)","decl":{"start":{"line":10,"column":12},"end":{"line":10,"column":13}},"loc":{"start":{"line":10,"column":18},"end":{"line":17,"column":3}},"line":10},"2":{"name":"(anonymous_2)","decl":{"start":{"line":12,"column":31},"end":{"line":12,"column":32}},"loc":{"start":{"line":12,"column":37},"end":{"line":12,"column":54}},"line":12},"3":{"name":"(anonymous_3)","decl":{"start":{"line":13,"column":13},"end":{"line":13,"column":14}},"loc":{"start":{"line":13,"column":19},"end":{"line":13,"column":38}},"line":13},"4":{"name":"(anonymous_4)","decl":{"start":{"line":25,"column":18},"end":{"line":25,"column":19}},"loc":{"start":{"line":25,"column":23},"end":{"line":25,"column":47}},"line":25},"5":{"name":"(anonymous_5)","decl":{"start":{"line":34,"column":27},"end":{"line":34,"column":28}},"loc":{"start":{"line":34,"column":39},"end":{"line":38,"column":1}},"line":34},"6":{"name":"(anonymous_6)","decl":{"start":{"line":36,"column":16},"end":{"line":36,"column":17}},"loc":{"start":{"line":36,"column":21},"end":{"line":36,"column":44}},"line":36},"7":{"name":"(anonymous_7)","decl":{"start":{"line":40,"column":24},"end":{"line":40,"column":25}},"loc":{"start":{"line":40,"column":33},"end":{"line":44,"column":1}},"line":40}},"branchMap":{"0":{"loc":{"start":{"line":7,"column":37},"end":{"line":7,"column":51}},"type":"binary-expr","locations":[{"start":{"line":7,"column":37},"end":{"line":7,"column":39}},{"start":{"line":7,"column":43},"end":{"line":7,"column":51}}],"line":7},"1":{"loc":{"start":{"line":11,"column":4},"end":{"line":16,"column":5}},"type":"if","locations":[{"start":{"line":11,"column":4},"end":{"line":16,"column":5}},{"start":{"line":14,"column":11},"end":{"line":16,"column":5}}],"line":11}},"s":{"0":4,"1":5,"2":5,"3":5,"4":4,"5":1,"6":1,"7":1,"8":1,"9":3,"10":5,"11":1,"12":4,"13":3,"14":1,"15":4,"16":5},"f":{"0":5,"1":4,"2":1,"3":1,"4":1,"5":3,"6":1,"7":5},"b":{"0":[5,5],"1":[1,3]},"_coverageSchema":"1a1c01bbd47fc00a2c39e90264f33305004495a9","hash":"9d32eb969c7e37245830893adcc7fc858eebe1d5"}
,"/Users/alexandremoraes/Desktop/Projetos/spotify-page/src/components/Lista/Lista.js": {"path":"/Users/alexandremoraes/Desktop/Projetos/spotify-page/src/components/Lista/Lista.js","statementMap":{"0":{"start":{"line":8,"column":14},"end":{"line":31,"column":1}},"1":{"start":{"line":9,"column":18},"end":{"line":9,"column":30}},"2":{"start":{"line":10,"column":21},"end":{"line":12,"column":3}},"3":{"start":{"line":11,"column":4},"end":{"line":11,"column":48}},"4":{"start":{"line":14,"column":2},"end":{"line":30,"column":4}},"5":{"start":{"line":20,"column":8},"end":{"line":26,"column":10}},"6":{"start":{"line":25,"column":24},"end":{"line":25,"column":54}},"7":{"start":{"line":33,"column":24},"end":{"line":38,"column":1}},"8":{"start":{"line":34,"column":2},"end":{"line":37,"column":4}}},"fnMap":{"0":{"name":"(anonymous_0)","decl":{"start":{"line":8,"column":14},"end":{"line":8,"column":15}},"loc":{"start":{"line":8,"column":44},"end":{"line":31,"column":1}},"line":8},"1":{"name":"(anonymous_1)","decl":{"start":{"line":10,"column":21},"end":{"line":10,"column":22}},"loc":{"start":{"line":10,"column":27},"end":{"line":12,"column":3}},"line":10},"2":{"name":"(anonymous_2)","decl":{"start":{"line":19,"column":22},"end":{"line":19,"column":23}},"loc":{"start":{"line":20,"column":8},"end":{"line":26,"column":10}},"line":20},"3":{"name":"(anonymous_3)","decl":{"start":{"line":25,"column":18},"end":{"line":25,"column":19}},"loc":{"start":{"line":25,"column":24},"end":{"line":25,"column":54}},"line":25},"4":{"name":"(anonymous_4)","decl":{"start":{"line":33,"column":24},"end":{"line":33,"column":25}},"loc":{"start":{"line":33,"column":33},"end":{"line":38,"column":1}},"line":33}},"branchMap":{"0":{"loc":{"start":{"line":11,"column":11},"end":{"line":11,"column":47}},"type":"cond-expr","locations":[{"start":{"line":11,"column":35},"end":{"line":11,"column":39}},{"start":{"line":11,"column":42},"end":{"line":11,"column":47}}],"line":11},"1":{"loc":{"start":{"line":16,"column":7},"end":{"line":18,"column":7}},"type":"binary-expr","locations":[{"start":{"line":16,"column":7},"end":{"line":16,"column":19}},{"start":{"line":17,"column":8},"end":{"line":17,"column":69}}],"line":16},"2":{"loc":{"start":{"line":28,"column":7},"end":{"line":28,"column":67}},"type":"binary-expr","locations":[{"start":{"line":28,"column":7},"end":{"line":28,"column":20}},{"start":{"line":28,"column":24},"end":{"line":28,"column":67}}],"line":28}},"s":{"0":4,"1":4,"2":4,"3":8,"4":4,"5":4,"6":2,"7":4,"8":4},"f":{"0":4,"1":8,"2":4,"3":2,"4":4},"b":{"0":[4,4],"1":[4,2],"2":[4,2]},"_coverageSchema":"1a1c01bbd47fc00a2c39e90264f33305004495a9","hash":"02c1ddf18e6b31d9d7f6af2ffea3cec127185aa1"}
,"/Users/alexandremoraes/Desktop/Projetos/spotify-page/src/components/MusicaFaixa/MusicaFaixa.js": {"path":"/Users/alexandremoraes/Desktop/Projetos/spotify-page/src/components/MusicaFaixa/MusicaFaixa.js","statementMap":{"0":{"start":{"line":4,"column":20},"end":{"line":10,"column":1}},"1":{"start":{"line":5,"column":2},"end":{"line":9,"column":4}}},"fnMap":{"0":{"name":"(anonymous_0)","decl":{"start":{"line":4,"column":20},"end":{"line":4,"column":21}},"loc":{"start":{"line":4,"column":47},"end":{"line":10,"column":1}},"line":4}},"branchMap":{},"s":{"0":5,"1":7},"f":{"0":7},"b":{},"_coverageSchema":"1a1c01bbd47fc00a2c39e90264f33305004495a9","hash":"3f8a8f4692b21a6ce25b0e25af6a09fa2db123f1"}
,"/Users/alexandremoraes/Desktop/Projetos/spotify-page/src/components/Playlist/Playlist.js": {"path":"/Users/alexandremoraes/Desktop/Projetos/spotify-page/src/components/Playlist/Playlist.js","statementMap":{"0":{"start":{"line":5,"column":17},"end":{"line":13,"column":1}},"1":{"start":{"line":6,"column":2},"end":{"line":12,"column":4}},"2":{"start":{"line":9,"column":8},"end":{"line":9,"column":78}},"3":{"start":{"line":15,"column":24},"end":{"line":19,"column":1}},"4":{"start":{"line":16,"column":2},"end":{"line":18,"column":4}}},"fnMap":{"0":{"name":"(anonymous_0)","decl":{"start":{"line":5,"column":17},"end":{"line":5,"column":18}},"loc":{"start":{"line":5,"column":34},"end":{"line":13,"column":1}},"line":5},"1":{"name":"(anonymous_1)","decl":{"start":{"line":8,"column":19},"end":{"line":8,"column":20}},"loc":{"start":{"line":9,"column":8},"end":{"line":9,"column":78}},"line":9},"2":{"name":"(anonymous_2)","decl":{"start":{"line":15,"column":24},"end":{"line":15,"column":25}},"loc":{"start":{"line":15,"column":33},"end":{"line":19,"column":1}},"line":15}},"branchMap":{},"s":{"0":4,"1":5,"2":6,"3":4,"4":7},"f":{"0":5,"1":6,"2":7},"b":{},"_coverageSchema":"1a1c01bbd47fc00a2c39e90264f33305004495a9","hash":"280f7a29e08966f139d4830d12ea4493536f293f"}
,"/Users/alexandremoraes/Desktop/Projetos/spotify-page/src/pages/Album/Album.js": {"path":"/Users/alexandremoraes/Desktop/Projetos/spotify-page/src/pages/Album/Album.js","statementMap":{"0":{"start":{"line":8,"column":14},"end":{"line":41,"column":1}},"1":{"start":{"line":9,"column":17},"end":{"line":9,"column":28}},"2":{"start":{"line":10,"column":18},"end":{"line":10,"column":30}},"3":{"start":{"line":12,"column":2},"end":{"line":14,"column":9}},"4":{"start":{"line":13,"column":4},"end":{"line":13,"column":21}},"5":{"start":{"line":16,"column":2},"end":{"line":40,"column":4}},"6":{"start":{"line":21,"column":12},"end":{"line":21,"column":29}},"7":{"start":{"line":43,"column":27},"end":{"line":47,"column":1}},"8":{"start":{"line":44,"column":2},"end":{"line":46,"column":4}},"9":{"start":{"line":45,"column":23},"end":{"line":45,"column":48}},"10":{"start":{"line":49,"column":24},"end":{"line":54,"column":1}},"11":{"start":{"line":50,"column":2},"end":{"line":53,"column":4}}},"fnMap":{"0":{"name":"(anonymous_0)","decl":{"start":{"line":8,"column":14},"end":{"line":8,"column":15}},"loc":{"start":{"line":8,"column":52},"end":{"line":41,"column":1}},"line":8},"1":{"name":"(anonymous_1)","decl":{"start":{"line":12,"column":12},"end":{"line":12,"column":13}},"loc":{"start":{"line":12,"column":18},"end":{"line":14,"column":3}},"line":12},"2":{"name":"(anonymous_2)","decl":{"start":{"line":20,"column":19},"end":{"line":20,"column":20}},"loc":{"start":{"line":20,"column":25},"end":{"line":22,"column":11}},"line":20},"3":{"name":"(anonymous_3)","decl":{"start":{"line":43,"column":27},"end":{"line":43,"column":28}},"loc":{"start":{"line":43,"column":39},"end":{"line":47,"column":1}},"line":43},"4":{"name":"(anonymous_4)","decl":{"start":{"line":45,"column":18},"end":{"line":45,"column":19}},"loc":{"start":{"line":45,"column":23},"end":{"line":45,"column":48}},"line":45},"5":{"name":"(anonymous_5)","decl":{"start":{"line":49,"column":24},"end":{"line":49,"column":25}},"loc":{"start":{"line":49,"column":33},"end":{"line":54,"column":1}},"line":49}},"branchMap":{},"s":{"0":3,"1":4,"2":4,"3":4,"4":2,"5":4,"6":1,"7":3,"8":2,"9":2,"10":3,"11":6},"f":{"0":4,"1":2,"2":1,"3":2,"4":2,"5":6},"b":{},"_coverageSchema":"1a1c01bbd47fc00a2c39e90264f33305004495a9","hash":"dd71d2b27a8c8ce5151d2b0b177f4035323f9ee0"}
,"/Users/alexandremoraes/Desktop/Projetos/spotify-page/src/pages/Callback/Callback.js": {"path":"/Users/alexandremoraes/Desktop/Projetos/spotify-page/src/pages/Callback/Callback.js","statementMap":{"0":{"start":{"line":4,"column":17},"end":{"line":25,"column":1}},"1":{"start":{"line":5,"column":18},"end":{"line":5,"column":30}},"2":{"start":{"line":6,"column":24},"end":{"line":18,"column":3}},"3":{"start":{"line":7,"column":21},"end":{"line":7,"column":23}},"4":{"start":{"line":9,"column":10},"end":{"line":9,"column":32}},"5":{"start":{"line":10,"column":10},"end":{"line":10,"column":43}},"6":{"start":{"line":11,"column":4},"end":{"line":11,"column":18}},"7":{"start":{"line":12,"column":4},"end":{"line":15,"column":5}},"8":{"start":{"line":13,"column":6},"end":{"line":13,"column":50}},"9":{"start":{"line":14,"column":6},"end":{"line":14,"column":20}},"10":{"start":{"line":16,"column":4},"end":{"line":16,"column":66}},"11":{"start":{"line":17,"column":4},"end":{"line":17,"column":26}},"12":{"start":{"line":20,"column":2},"end":{"line":22,"column":9}},"13":{"start":{"line":21,"column":4},"end":{"line":21,"column":20}},"14":{"start":{"line":24,"column":2},"end":{"line":24,"column":32}}},"fnMap":{"0":{"name":"(anonymous_0)","decl":{"start":{"line":4,"column":17},"end":{"line":4,"column":18}},"loc":{"start":{"line":4,"column":23},"end":{"line":25,"column":1}},"line":4},"1":{"name":"(anonymous_1)","decl":{"start":{"line":6,"column":24},"end":{"line":6,"column":25}},"loc":{"start":{"line":6,"column":30},"end":{"line":18,"column":3}},"line":6},"2":{"name":"(anonymous_2)","decl":{"start":{"line":20,"column":12},"end":{"line":20,"column":13}},"loc":{"start":{"line":20,"column":18},"end":{"line":22,"column":3}},"line":20}},"branchMap":{},"s":{"0":3,"1":1,"2":1,"3":1,"4":1,"5":1,"6":1,"7":1,"8":4,"9":4,"10":1,"11":1,"12":1,"13":1,"14":1},"f":{"0":1,"1":1,"2":1},"b":{},"_coverageSchema":"1a1c01bbd47fc00a2c39e90264f33305004495a9","hash":"807c3489782bae8c1b836facc08cd1fdcc49873d"}
,"/Users/alexandremoraes/Desktop/Projetos/spotify-page/src/pages/Home/Home.js": {"path":"/Users/alexandremoraes/Desktop/Projetos/spotify-page/src/pages/Home/Home.js","statementMap":{"0":{"start":{"line":6,"column":13},"end":{"line":13,"column":1}},"1":{"start":{"line":7,"column":2},"end":{"line":12,"column":4}}},"fnMap":{"0":{"name":"(anonymous_0)","decl":{"start":{"line":6,"column":13},"end":{"line":6,"column":14}},"loc":{"start":{"line":6,"column":19},"end":{"line":13,"column":1}},"line":6}},"branchMap":{},"s":{"0":3,"1":2},"f":{"0":2},"b":{},"_coverageSchema":"1a1c01bbd47fc00a2c39e90264f33305004495a9","hash":"c83725b56368587742359c2fccd1673e6a86cf4d"}
,"/Users/alexandremoraes/Desktop/Projetos/spotify-page/src/pages/Login/Login.js": {"path":"/Users/alexandremoraes/Desktop/Projetos/spotify-page/src/pages/Login/Login.js","statementMap":{"0":{"start":{"line":4,"column":14},"end":{"line":8,"column":1}},"1":{"start":{"line":5,"column":14},"end":{"line":5,"column":24}},"2":{"start":{"line":7,"column":2},"end":{"line":7,"column":34}}},"fnMap":{"0":{"name":"(anonymous_0)","decl":{"start":{"line":4,"column":14},"end":{"line":4,"column":15}},"loc":{"start":{"line":4,"column":20},"end":{"line":8,"column":1}},"line":4}},"branchMap":{},"s":{"0":3,"1":6,"2":6},"f":{"0":6},"b":{},"_coverageSchema":"1a1c01bbd47fc00a2c39e90264f33305004495a9","hash":"412bb525de6ee88a961db12485955f768d284a0d"}
,"/Users/alexandremoraes/Desktop/Projetos/spotify-page/src/redux/actions.js": {"path":"/Users/alexandremoraes/Desktop/Projetos/spotify-page/src/redux/actions.js","statementMap":{"0":{"start":{"line":13,"column":26},"end":{"line":44,"column":1}},"1":{"start":{"line":14,"column":2},"end":{"line":43,"column":4}},"2":{"start":{"line":15,"column":4},"end":{"line":15,"column":34}},"3":{"start":{"line":16,"column":4},"end":{"line":42,"column":5}},"4":{"start":{"line":17,"column":6},"end":{"line":34,"column":11}},"5":{"start":{"line":24,"column":33},"end":{"line":24,"column":56}},"6":{"start":{"line":25,"column":10},"end":{"line":30,"column":12}},"7":{"start":{"line":33,"column":10},"end":{"line":33,"column":51}},"8":{"start":{"line":36,"column":6},"end":{"line":41,"column":8}},"9":{"start":{"line":46,"column":26},"end":{"line":50,"column":1}},"10":{"start":{"line":47,"column":2},"end":{"line":49,"column":4}},"11":{"start":{"line":52,"column":26},"end":{"line":57,"column":1}},"12":{"start":{"line":53,"column":2},"end":{"line":56,"column":4}},"13":{"start":{"line":59,"column":26},"end":{"line":65,"column":1}},"14":{"start":{"line":60,"column":2},"end":{"line":60,"column":29}},"15":{"start":{"line":61,"column":2},"end":{"line":64,"column":4}},"16":{"start":{"line":67,"column":28},"end":{"line":90,"column":1}},"17":{"start":{"line":68,"column":2},"end":{"line":89,"column":4}},"18":{"start":{"line":69,"column":4},"end":{"line":69,"column":35}},"19":{"start":{"line":70,"column":4},"end":{"line":88,"column":9}},"20":{"start":{"line":74,"column":32},"end":{"line":74,"column":56}},"21":{"start":{"line":75,"column":8},"end":{"line":84,"column":10}},"22":{"start":{"line":87,"column":8},"end":{"line":87,"column":50}},"23":{"start":{"line":92,"column":27},"end":{"line":96,"column":1}},"24":{"start":{"line":93,"column":2},"end":{"line":95,"column":4}},"25":{"start":{"line":98,"column":27},"end":{"line":103,"column":1}},"26":{"start":{"line":99,"column":2},"end":{"line":102,"column":4}},"27":{"start":{"line":105,"column":27},"end":{"line":110,"column":1}},"28":{"start":{"line":106,"column":2},"end":{"line":109,"column":4}}},"fnMap":{"0":{"name":"(anonymous_0)","decl":{"start":{"line":13,"column":26},"end":{"line":13,"column":27}},"loc":{"start":{"line":13,"column":38},"end":{"line":44,"column":1}},"line":13},"1":{"name":"(anonymous_1)","decl":{"start":{"line":14,"column":9},"end":{"line":14,"column":10}},"loc":{"start":{"line":14,"column":21},"end":{"line":43,"column":3}},"line":14},"2":{"name":"(anonymous_2)","decl":{"start":{"line":23,"column":14},"end":{"line":23,"column":15}},"loc":{"start":{"line":23,"column":21},"end":{"line":31,"column":9}},"line":23},"3":{"name":"(anonymous_3)","decl":{"start":{"line":32,"column":15},"end":{"line":32,"column":16}},"loc":{"start":{"line":32,"column":22},"end":{"line":34,"column":9}},"line":32},"4":{"name":"(anonymous_4)","decl":{"start":{"line":46,"column":26},"end":{"line":46,"column":27}},"loc":{"start":{"line":46,"column":32},"end":{"line":50,"column":1}},"line":46},"5":{"name":"(anonymous_5)","decl":{"start":{"line":52,"column":26},"end":{"line":52,"column":27}},"loc":{"start":{"line":52,"column":37},"end":{"line":57,"column":1}},"line":52},"6":{"name":"(anonymous_6)","decl":{"start":{"line":59,"column":26},"end":{"line":59,"column":27}},"loc":{"start":{"line":59,"column":35},"end":{"line":65,"column":1}},"line":59},"7":{"name":"(anonymous_7)","decl":{"start":{"line":67,"column":28},"end":{"line":67,"column":29}},"loc":{"start":{"line":67,"column":34},"end":{"line":90,"column":1}},"line":67},"8":{"name":"(anonymous_8)","decl":{"start":{"line":68,"column":9},"end":{"line":68,"column":10}},"loc":{"start":{"line":68,"column":21},"end":{"line":89,"column":3}},"line":68},"9":{"name":"(anonymous_9)","decl":{"start":{"line":73,"column":12},"end":{"line":73,"column":13}},"loc":{"start":{"line":73,"column":19},"end":{"line":85,"column":7}},"line":73},"10":{"name":"(anonymous_10)","decl":{"start":{"line":86,"column":13},"end":{"line":86,"column":14}},"loc":{"start":{"line":86,"column":20},"end":{"line":88,"column":7}},"line":86},"11":{"name":"(anonymous_11)","decl":{"start":{"line":92,"column":27},"end":{"line":92,"column":28}},"loc":{"start":{"line":92,"column":33},"end":{"line":96,"column":1}},"line":92},"12":{"name":"(anonymous_12)","decl":{"start":{"line":98,"column":27},"end":{"line":98,"column":28}},"loc":{"start":{"line":98,"column":38},"end":{"line":103,"column":1}},"line":98},"13":{"name":"(anonymous_13)","decl":{"start":{"line":105,"column":27},"end":{"line":105,"column":28}},"loc":{"start":{"line":105,"column":36},"end":{"line":110,"column":1}},"line":105}},"branchMap":{"0":{"loc":{"start":{"line":16,"column":4},"end":{"line":42,"column":5}},"type":"if","locations":[{"start":{"line":16,"column":4},"end":{"line":42,"column":5}},{"start":{"line":35,"column":11},"end":{"line":42,"column":5}}],"line":16}},"s":{"0":6,"1":4,"2":4,"3":4,"4":3,"5":2,"6":1,"7":2,"8":1,"9":6,"10":4,"11":6,"12":2,"13":6,"14":2,"15":2,"16":6,"17":4,"18":4,"19":4,"20":3,"21":1,"22":3,"23":6,"24":4,"25":6,"26":1,"27":6,"28":3},"f":{"0":4,"1":4,"2":2,"3":2,"4":4,"5":2,"6":2,"7":4,"8":4,"9":3,"10":3,"11":4,"12":1,"13":3},"b":{"0":[3,1]},"_coverageSchema":"1a1c01bbd47fc00a2c39e90264f33305004495a9","hash":"675c48ccd92ff5a784f8e2de7f7949ae3fbc740e"}
,"/Users/alexandremoraes/Desktop/Projetos/spotify-page/src/redux/constants.js": {"path":"/Users/alexandremoraes/Desktop/Projetos/spotify-page/src/redux/constants.js","statementMap":{"0":{"start":{"line":1,"column":35},"end":{"line":1,"column":56}},"1":{"start":{"line":2,"column":35},"end":{"line":2,"column":56}},"2":{"start":{"line":3,"column":35},"end":{"line":3,"column":56}},"3":{"start":{"line":5,"column":36},"end":{"line":5,"column":58}},"4":{"start":{"line":6,"column":36},"end":{"line":6,"column":58}},"5":{"start":{"line":7,"column":36},"end":{"line":7,"column":58}}},"fnMap":{},"branchMap":{},"s":{"0":11,"1":11,"2":11,"3":11,"4":11,"5":11},"f":{},"b":{},"_coverageSchema":"1a1c01bbd47fc00a2c39e90264f33305004495a9","hash":"026d2d48d8c924519aa482f9c9320b7fbe4e0e16"}
,"/Users/alexandremoraes/Desktop/Projetos/spotify-page/src/redux/reducers.js": {"path":"/Users/alexandremoraes/Desktop/Projetos/spotify-page/src/redux/reducers.js","statementMap":{"0":{"start":{"line":11,"column":26},"end":{"line":16,"column":1}},"1":{"start":{"line":18,"column":27},"end":{"line":23,"column":1}},"2":{"start":{"line":25,"column":28},"end":{"line":48,"column":1}},"3":{"start":{"line":26,"column":2},"end":{"line":47,"column":3}},"4":{"start":{"line":28,"column":6},"end":{"line":31,"column":8}},"5":{"start":{"line":33,"column":6},"end":{"line":38,"column":8}},"6":{"start":{"line":40,"column":6},"end":{"line":44,"column":8}},"7":{"start":{"line":46,"column":6},"end":{"line":46,"column":19}},"8":{"start":{"line":50,"column":29},"end":{"line":74,"column":1}},"9":{"start":{"line":51,"column":2},"end":{"line":73,"column":3}},"10":{"start":{"line":53,"column":6},"end":{"line":56,"column":8}},"11":{"start":{"line":58,"column":6},"end":{"line":63,"column":8}},"12":{"start":{"line":65,"column":6},"end":{"line":70,"column":8}},"13":{"start":{"line":72,"column":6},"end":{"line":72,"column":19}},"14":{"start":{"line":76,"column":20},"end":{"line":79,"column":2}}},"fnMap":{"0":{"name":"(anonymous_0)","decl":{"start":{"line":25,"column":28},"end":{"line":25,"column":29}},"loc":{"start":{"line":25,"column":67},"end":{"line":48,"column":1}},"line":25},"1":{"name":"(anonymous_1)","decl":{"start":{"line":50,"column":29},"end":{"line":50,"column":30}},"loc":{"start":{"line":50,"column":69},"end":{"line":74,"column":1}},"line":50}},"branchMap":{"0":{"loc":{"start":{"line":25,"column":29},"end":{"line":25,"column":54}},"type":"default-arg","locations":[{"start":{"line":25,"column":37},"end":{"line":25,"column":54}}],"line":25},"1":{"loc":{"start":{"line":26,"column":2},"end":{"line":47,"column":3}},"type":"switch","locations":[{"start":{"line":27,"column":4},"end":{"line":31,"column":8}},{"start":{"line":32,"column":4},"end":{"line":38,"column":8}},{"start":{"line":39,"column":4},"end":{"line":44,"column":8}},{"start":{"line":45,"column":4},"end":{"line":46,"column":19}}],"line":26},"2":{"loc":{"start":{"line":50,"column":30},"end":{"line":50,"column":56}},"type":"default-arg","locations":[{"start":{"line":50,"column":38},"end":{"line":50,"column":56}}],"line":50},"3":{"loc":{"start":{"line":51,"column":2},"end":{"line":73,"column":3}},"type":"switch","locations":[{"start":{"line":52,"column":4},"end":{"line":56,"column":8}},{"start":{"line":57,"column":4},"end":{"line":63,"column":8}},{"start":{"line":64,"column":4},"end":{"line":70,"column":8}},{"start":{"line":71,"column":4},"end":{"line":72,"column":19}}],"line":51}},"s":{"0":9,"1":9,"2":9,"3":39,"4":2,"5":1,"6":2,"7":34,"8":9,"9":39,"10":3,"11":1,"12":3,"13":32,"14":9},"f":{"0":39,"1":39},"b":{"0":[25],"1":[2,1,2,34],"2":[26],"3":[3,1,3,32]},"_coverageSchema":"1a1c01bbd47fc00a2c39e90264f33305004495a9","hash":"66908f483166fd44160526d9c8c292f84b64ccf2"}
,"/Users/alexandremoraes/Desktop/Projetos/spotify-page/src/redux/store.js": {"path":"/Users/alexandremoraes/Desktop/Projetos/spotify-page/src/redux/store.js","statementMap":{"0":{"start":{"line":7,"column":14},"end":{"line":10,"column":1}}},"fnMap":{},"branchMap":{},"s":{"0":2},"f":{},"b":{},"_coverageSchema":"1a1c01bbd47fc00a2c39e90264f33305004495a9","hash":"18e6aa25a068057811a7657420be651d478e7417"}
,"/Users/alexandremoraes/Desktop/Projetos/spotify-page/src/redux/__test__/mockresponse.js": {"path":"/Users/alexandremoraes/Desktop/Projetos/spotify-page/src/redux/__test__/mockresponse.js","statementMap":{"0":{"start":{"line":1,"column":20},"end":{"line":58,"column":1}},"1":{"start":{"line":60,"column":21},"end":{"line":160,"column":1}}},"fnMap":{},"branchMap":{},"s":{"0":1,"1":1},"f":{},"b":{},"_coverageSchema":"1a1c01bbd47fc00a2c39e90264f33305004495a9","hash":"063f66bc9e280a82ae4fe8bd587eb3db909b8066"}
,"/Users/alexandremoraes/Desktop/Projetos/spotify-page/src/routes/Routes.js": {"path":"/Users/alexandremoraes/Desktop/Projetos/spotify-page/src/routes/Routes.js","statementMap":{"0":{"start":{"line":14,"column":15},"end":{"line":39,"column":1}},"1":{"start":{"line":15,"column":2},"end":{"line":38,"column":4}}},"fnMap":{"0":{"name":"(anonymous_0)","decl":{"start":{"line":14,"column":15},"end":{"line":14,"column":16}},"loc":{"start":{"line":14,"column":21},"end":{"line":39,"column":1}},"line":14}},"branchMap":{},"s":{"0":2,"1":2},"f":{"0":2},"b":{},"_coverageSchema":"1a1c01bbd47fc00a2c39e90264f33305004495a9","hash":"2c9c604e7909ac264476d82fc73ce5309edf4ca7"}
,"/Users/alexandremoraes/Desktop/Projetos/spotify-page/src/service/request.js": {"path":"/Users/alexandremoraes/Desktop/Projetos/spotify-page/src/service/request.js","statementMap":{"0":{"start":{"line":3,"column":28},"end":{"line":23,"column":1}},"1":{"start":{"line":4,"column":22},"end":{"line":9,"column":4}},"2":{"start":{"line":11,"column":2},"end":{"line":20,"column":4}},"3":{"start":{"line":12,"column":11},"end":{"line":12,"column":14}},"4":{"start":{"line":14,"column":6},"end":{"line":17,"column":7}},"5":{"start":{"line":15,"column":8},"end":{"line":15,"column":48}},"6":{"start":{"line":16,"column":8},"end":{"line":16,"column":35}},"7":{"start":{"line":18,"column":6},"end":{"line":18,"column":17}},"8":{"start":{"line":22,"column":2},"end":{"line":22,"column":54}}},"fnMap":{"0":{"name":"(anonymous_0)","decl":{"start":{"line":3,"column":28},"end":{"line":3,"column":29}},"loc":{"start":{"line":3,"column":45},"end":{"line":23,"column":1}},"line":3},"1":{"name":"(anonymous_1)","decl":{"start":{"line":12,"column":4},"end":{"line":12,"column":5}},"loc":{"start":{"line":12,"column":11},"end":{"line":12,"column":14}},"line":12},"2":{"name":"(anonymous_2)","decl":{"start":{"line":13,"column":4},"end":{"line":13,"column":5}},"loc":{"start":{"line":13,"column":11},"end":{"line":19,"column":5}},"line":13}},"branchMap":{"0":{"loc":{"start":{"line":14,"column":6},"end":{"line":17,"column":7}},"type":"if","locations":[{"start":{"line":14,"column":6},"end":{"line":17,"column":7}},{"start":{},"end":{}}],"line":14}},"s":{"0":5,"1":1,"2":1,"3":0,"4":0,"5":0,"6":0,"7":0,"8":1},"f":{"0":1,"1":0,"2":0},"b":{"0":[0,0]},"_coverageSchema":"1a1c01bbd47fc00a2c39e90264f33305004495a9","hash":"4983b0b77e4210768fca6a88d2dfb052a30c50d6"}
,"/Users/alexandremoraes/Desktop/Projetos/spotify-page/src/utils/Theme.js": {"path":"/Users/alexandremoraes/Desktop/Projetos/spotify-page/src/utils/Theme.js","statementMap":{"0":{"start":{"line":1,"column":21},"end":{"line":13,"column":1}}},"fnMap":{},"branchMap":{},"s":{"0":10},"f":{},"b":{},"_coverageSchema":"1a1c01bbd47fc00a2c39e90264f33305004495a9","hash":"0758bee51049f15bbfcbd061be32ec3d38183c57"}
,"/Users/alexandremoraes/Desktop/Projetos/spotify-page/src/utils/formatador.js": {"path":"/Users/alexandremoraes/Desktop/Projetos/spotify-page/src/utils/formatador.js","statementMap":{"0":{"start":{"line":1,"column":23},"end":{"line":3,"column":1}},"1":{"start":{"line":2,"column":2},"end":{"line":2,"column":42}},"2":{"start":{"line":2,"column":33},"end":{"line":2,"column":40}},"3":{"start":{"line":5,"column":29},"end":{"line":16,"column":1}},"4":{"start":{"line":6,"column":21},"end":{"line":6,"column":29}},"5":{"start":{"line":8,"column":2},"end":{"line":15,"column":5}},"6":{"start":{"line":9,"column":4},"end":{"line":14,"column":6}},"7":{"start":{"line":18,"column":29},"end":{"line":26,"column":1}},"8":{"start":{"line":19,"column":2},"end":{"line":25,"column":9}},"9":{"start":{"line":20,"column":4},"end":{"line":24,"column":5}},"10":{"start":{"line":21,"column":6},"end":{"line":21,"column":47}},"11":{"start":{"line":23,"column":6},"end":{"line":23,"column":54}},"12":{"start":{"line":28,"column":38},"end":{"line":32,"column":1}},"13":{"start":{"line":29,"column":15},"end":{"line":29,"column":46}},"14":{"start":{"line":30,"column":16},"end":{"line":30,"column":57}},"15":{"start":{"line":31,"column":2},"end":{"line":31,"column":60}},"16":{"start":{"line":34,"column":30},"end":{"line":50,"column":1}},"17":{"start":{"line":35,"column":44},"end":{"line":35,"column":59}},"18":{"start":{"line":36,"column":26},"end":{"line":42,"column":4}},"19":{"start":{"line":37,"column":4},"end":{"line":41,"column":6}},"20":{"start":{"line":43,"column":27},"end":{"line":48,"column":3}},"21":{"start":{"line":49,"column":2},"end":{"line":49,"column":26}}},"fnMap":{"0":{"name":"(anonymous_0)","decl":{"start":{"line":1,"column":23},"end":{"line":1,"column":24}},"loc":{"start":{"line":1,"column":40},"end":{"line":3,"column":1}},"line":1},"1":{"name":"(anonymous_1)","decl":{"start":{"line":2,"column":27},"end":{"line":2,"column":28}},"loc":{"start":{"line":2,"column":33},"end":{"line":2,"column":40}},"line":2},"2":{"name":"(anonymous_2)","decl":{"start":{"line":5,"column":29},"end":{"line":5,"column":30}},"loc":{"start":{"line":5,"column":41},"end":{"line":16,"column":1}},"line":5},"3":{"name":"(anonymous_3)","decl":{"start":{"line":8,"column":26},"end":{"line":8,"column":27}},"loc":{"start":{"line":8,"column":33},"end":{"line":15,"column":3}},"line":8},"4":{"name":"(anonymous_4)","decl":{"start":{"line":18,"column":29},"end":{"line":18,"column":30}},"loc":{"start":{"line":18,"column":46},"end":{"line":26,"column":1}},"line":18},"5":{"name":"(anonymous_5)","decl":{"start":{"line":19,"column":30},"end":{"line":19,"column":31}},"loc":{"start":{"line":19,"column":60},"end":{"line":25,"column":3}},"line":19},"6":{"name":"(anonymous_6)","decl":{"start":{"line":28,"column":38},"end":{"line":28,"column":39}},"loc":{"start":{"line":28,"column":53},"end":{"line":32,"column":1}},"line":28},"7":{"name":"(anonymous_7)","decl":{"start":{"line":34,"column":30},"end":{"line":34,"column":31}},"loc":{"start":{"line":34,"column":49},"end":{"line":50,"column":1}},"line":34},"8":{"name":"(anonymous_8)","decl":{"start":{"line":36,"column":43},"end":{"line":36,"column":44}},"loc":{"start":{"line":36,"column":48},"end":{"line":42,"column":3}},"line":36}},"branchMap":{"0":{"loc":{"start":{"line":20,"column":4},"end":{"line":24,"column":5}},"type":"if","locations":[{"start":{"line":20,"column":4},"end":{"line":24,"column":5}},{"start":{"line":22,"column":11},"end":{"line":24,"column":5}}],"line":20},"1":{"loc":{"start":{"line":31,"column":25},"end":{"line":31,"column":48}},"type":"cond-expr","locations":[{"start":{"line":31,"column":40},"end":{"line":31,"column":43}},{"start":{"line":31,"column":46},"end":{"line":31,"column":48}}],"line":31}},"s":{"0":8,"1":2,"2":2,"3":8,"4":2,"5":1,"6":1,"7":8,"8":6,"9":7,"10":6,"11":1,"12":8,"13":1,"14":1,"15":1,"16":8,"17":3,"18":1,"19":1,"20":1,"21":1},"f":{"0":2,"1":2,"2":2,"3":1,"4":6,"5":7,"6":1,"7":3,"8":1},"b":{"0":[6,1],"1":[0,1]},"_coverageSchema":"1a1c01bbd47fc00a2c39e90264f33305004495a9","hash":"8d40a9db02165b27d7587fc643354e52e49b8005"}
,"/Users/alexandremoraes/Desktop/Projetos/spotify-page/src/utils/test-utils.js": {"path":"/Users/alexandremoraes/Desktop/Projetos/spotify-page/src/utils/test-utils.js","statementMap":{"0":{"start":{"line":11,"column":31},"end":{"line":27,"column":1}},"1":{"start":{"line":19,"column":18},"end":{"line":25,"column":3}},"2":{"start":{"line":20,"column":4},"end":{"line":24,"column":6}},"3":{"start":{"line":26,"column":2},"end":{"line":26,"column":60}}},"fnMap":{"0":{"name":"(anonymous_0)","decl":{"start":{"line":11,"column":31},"end":{"line":11,"column":32}},"loc":{"start":{"line":18,"column":5},"end":{"line":27,"column":1}},"line":18},"1":{"name":"(anonymous_1)","decl":{"start":{"line":19,"column":18},"end":{"line":19,"column":19}},"loc":{"start":{"line":19,"column":36},"end":{"line":25,"column":3}},"line":19}},"branchMap":{"0":{"loc":{"start":{"line":13,"column":2},"end":{"line":17,"column":8}},"type":"default-arg","locations":[{"start":{"line":17,"column":6},"end":{"line":17,"column":8}}],"line":13},"1":{"loc":{"start":{"line":15,"column":4},"end":{"line":15,"column":74}},"type":"default-arg","locations":[{"start":{"line":15,"column":12},"end":{"line":15,"column":74}}],"line":15}},"s":{"0":6,"1":9,"2":9,"3":9},"f":{"0":9,"1":9},"b":{"0":[0],"1":[9]},"_coverageSchema":"1a1c01bbd47fc00a2c39e90264f33305004495a9","hash":"b7485980e1c5a4a8bb0e2c1a0ed0f49e8547c3cb"}
,"/Users/alexandremoraes/Desktop/Projetos/spotify-page/src/utils/hooks/useLogin.js": {"path":"/Users/alexandremoraes/Desktop/Projetos/spotify-page/src/utils/hooks/useLogin.js","statementMap":{"0":{"start":{"line":3,"column":24},"end":{"line":30,"column":1}},"1":{"start":{"line":4,"column":34},"end":{"line":4,"column":46}},"2":{"start":{"line":5,"column":31},"end":{"line":7,"column":3}},"3":{"start":{"line":6,"column":4},"end":{"line":6,"column":56}},"4":{"start":{"line":9,"column":22},"end":{"line":23,"column":3}},"5":{"start":{"line":10,"column":20},"end":{"line":10,"column":54}},"6":{"start":{"line":11,"column":23},"end":{"line":11,"column":55}},"7":{"start":{"line":12,"column":16},"end":{"line":12,"column":40}},"8":{"start":{"line":13,"column":16},"end":{"line":13,"column":51}},"9":{"start":{"line":14,"column":14},"end":{"line":14,"column":54}},"10":{"start":{"line":16,"column":4},"end":{"line":16,"column":34}},"11":{"start":{"line":17,"column":4},"end":{"line":17,"column":57}},"12":{"start":{"line":18,"column":4},"end":{"line":18,"column":49}},"13":{"start":{"line":19,"column":4},"end":{"line":19,"column":63}},"14":{"start":{"line":20,"column":4},"end":{"line":20,"column":49}},"15":{"start":{"line":22,"column":4},"end":{"line":22,"column":21}},"16":{"start":{"line":25,"column":2},"end":{"line":27,"column":9}},"17":{"start":{"line":26,"column":4},"end":{"line":26,"column":18}},"18":{"start":{"line":29,"column":2},"end":{"line":29,"column":18}}},"fnMap":{"0":{"name":"(anonymous_0)","decl":{"start":{"line":3,"column":24},"end":{"line":3,"column":25}},"loc":{"start":{"line":3,"column":30},"end":{"line":30,"column":1}},"line":3},"1":{"name":"(anonymous_1)","decl":{"start":{"line":5,"column":31},"end":{"line":5,"column":32}},"loc":{"start":{"line":5,"column":41},"end":{"line":7,"column":3}},"line":5},"2":{"name":"(anonymous_2)","decl":{"start":{"line":9,"column":22},"end":{"line":9,"column":23}},"loc":{"start":{"line":9,"column":28},"end":{"line":23,"column":3}},"line":9},"3":{"name":"(anonymous_3)","decl":{"start":{"line":25,"column":12},"end":{"line":25,"column":13}},"loc":{"start":{"line":25,"column":18},"end":{"line":27,"column":3}},"line":25}},"branchMap":{},"s":{"0":3,"1":6,"2":6,"3":3,"4":6,"5":3,"6":3,"7":3,"8":3,"9":3,"10":3,"11":3,"12":3,"13":3,"14":3,"15":3,"16":6,"17":3,"18":6},"f":{"0":6,"1":3,"2":3,"3":3},"b":{},"_coverageSchema":"1a1c01bbd47fc00a2c39e90264f33305004495a9","hash":"9438030d640ba68a2e07b0ce79d0d3a02ad41632"}
}
