{"/Users/alexandremoraes/Desktop/Projetos/spotify-page/src/App.js": {"path":"/Users/alexandremoraes/Desktop/Projetos/spotify-page/src/App.js","statementMap":{"0":{"start":{"line":6,"column":12},"end":{"line":12,"column":1}},"1":{"start":{"line":7,"column":2},"end":{"line":11,"column":4}}},"fnMap":{"0":{"name":"(anonymous_0)","decl":{"start":{"line":6,"column":12},"end":{"line":6,"column":13}},"loc":{"start":{"line":6,"column":18},"end":{"line":12,"column":1}},"line":6}},"branchMap":{},"s":{"0":1,"1":1},"f":{"0":1},"b":{},"_coverageSchema":"1a1c01bbd47fc00a2c39e90264f33305004495a9","hash":"c1c590a6ae7193250bacf4579934ba0b7ca9cf28"}
,"/Users/alexandremoraes/Desktop/Projetos/spotify-page/src/index.js": {"path":"/Users/alexandremoraes/Desktop/Projetos/spotify-page/src/index.js","statementMap":{"0":{"start":{"line":5,"column":0},"end":{"line":5,"column":57}}},"fnMap":{},"branchMap":{},"s":{"0":0},"f":{},"b":{}}
,"/Users/alexandremoraes/Desktop/Projetos/spotify-page/src/components/Cartao/Cartao.js": {"path":"/Users/alexandremoraes/Desktop/Projetos/spotify-page/src/components/Cartao/Cartao.js","statementMap":{"0":{"start":{"line":4,"column":15},"end":{"line":13,"column":1}},"1":{"start":{"line":6,"column":2},"end":{"line":12,"column":4}}},"fnMap":{"0":{"name":"(anonymous_0)","decl":{"start":{"line":4,"column":15},"end":{"line":4,"column":16}},"loc":{"start":{"line":4,"column":55},"end":{"line":13,"column":1}},"line":4}},"branchMap":{},"s":{"0":2,"1":1},"f":{"0":1},"b":{},"_coverageSchema":"1a1c01bbd47fc00a2c39e90264f33305004495a9","hash":"0382ee727f0306cc070e34e0bfaaeb274d7fc72c"}
,"/Users/alexandremoraes/Desktop/Projetos/spotify-page/src/components/Cartao/Cartao.styles.js": {"path":"/Users/alexandremoraes/Desktop/Projetos/spotify-page/src/components/Cartao/Cartao.styles.js","statementMap":{"0":{"start":{"line":3,"column":22},"end":{"line":7,"column":1}},"1":{"start":{"line":9,"column":27},"end":{"line":13,"column":1}},"2":{"start":{"line":10,"column":20},"end":{"line":10,"column":44}},"3":{"start":{"line":11,"column":24},"end":{"line":11,"column":53}},"4":{"start":{"line":15,"column":29},"end":{"line":18,"column":1}},"5":{"start":{"line":16,"column":20},"end":{"line":16,"column":46}},"6":{"start":{"line":17,"column":24},"end":{"line":17,"column":53}},"7":{"start":{"line":20,"column":25},"end":{"line":35,"column":1}}},"fnMap":{"0":{"name":"(anonymous_0)","decl":{"start":{"line":10,"column":11},"end":{"line":10,"column":12}},"loc":{"start":{"line":10,"column":20},"end":{"line":10,"column":44}},"line":10},"1":{"name":"(anonymous_1)","decl":{"start":{"line":11,"column":15},"end":{"line":11,"column":16}},"loc":{"start":{"line":11,"column":24},"end":{"line":11,"column":53}},"line":11},"2":{"name":"(anonymous_2)","decl":{"start":{"line":16,"column":11},"end":{"line":16,"column":12}},"loc":{"start":{"line":16,"column":20},"end":{"line":16,"column":46}},"line":16},"3":{"name":"(anonymous_3)","decl":{"start":{"line":17,"column":15},"end":{"line":17,"column":16}},"loc":{"start":{"line":17,"column":24},"end":{"line":17,"column":53}},"line":17}},"branchMap":{},"s":{"0":2,"1":2,"2":1,"3":1,"4":2,"5":1,"6":1,"7":2},"f":{"0":1,"1":1,"2":1,"3":1},"b":{},"_coverageSchema":"1a1c01bbd47fc00a2c39e90264f33305004495a9","hash":"32b245ad0eb2194037245ccedd97867894e97fc4"}
,"/Users/alexandremoraes/Desktop/Projetos/spotify-page/src/components/InputPesquisa/InputPesquisa.js": {"path":"/Users/alexandremoraes/Desktop/Projetos/spotify-page/src/components/InputPesquisa/InputPesquisa.js","statementMap":{"0":{"start":{"line":3,"column":22},"end":{"line":10,"column":1}},"1":{"start":{"line":4,"column":2},"end":{"line":9,"column":4}}},"fnMap":{"0":{"name":"(anonymous_0)","decl":{"start":{"line":3,"column":22},"end":{"line":3,"column":23}},"loc":{"start":{"line":3,"column":28},"end":{"line":10,"column":1}},"line":3}},"branchMap":{},"s":{"0":1,"1":0},"f":{"0":0},"b":{},"_coverageSchema":"1a1c01bbd47fc00a2c39e90264f33305004495a9","hash":"4651cc948ac42648fd68ed684e46a64cd72913c7"}
,"/Users/alexandremoraes/Desktop/Projetos/spotify-page/src/components/InputPesquisa/InputPesquisa.styles.js": {"path":"/Users/alexandremoraes/Desktop/Projetos/spotify-page/src/components/InputPesquisa/InputPesquisa.styles.js","statementMap":{"0":{"start":{"line":4,"column":21},"end":{"line":20,"column":1}},"1":{"start":{"line":5,"column":24},"end":{"line":5,"column":51}},"2":{"start":{"line":8,"column":38},"end":{"line":8,"column":64}},"3":{"start":{"line":9,"column":20},"end":{"line":9,"column":44}},"4":{"start":{"line":14,"column":22},"end":{"line":14,"column":48}},"5":{"start":{"line":22,"column":25},"end":{"line":25,"column":1}},"6":{"start":{"line":27,"column":21},"end":{"line":31,"column":1}},"7":{"start":{"line":29,"column":20},"end":{"line":29,"column":44}},"8":{"start":{"line":30,"column":24},"end":{"line":30,"column":51}}},"fnMap":{"0":{"name":"(anonymous_0)","decl":{"start":{"line":5,"column":15},"end":{"line":5,"column":16}},"loc":{"start":{"line":5,"column":24},"end":{"line":5,"column":51}},"line":5},"1":{"name":"(anonymous_1)","decl":{"start":{"line":8,"column":29},"end":{"line":8,"column":30}},"loc":{"start":{"line":8,"column":38},"end":{"line":8,"column":64}},"line":8},"2":{"name":"(anonymous_2)","decl":{"start":{"line":9,"column":11},"end":{"line":9,"column":12}},"loc":{"start":{"line":9,"column":20},"end":{"line":9,"column":44}},"line":9},"3":{"name":"(anonymous_3)","decl":{"start":{"line":14,"column":13},"end":{"line":14,"column":14}},"loc":{"start":{"line":14,"column":22},"end":{"line":14,"column":48}},"line":14},"4":{"name":"(anonymous_4)","decl":{"start":{"line":29,"column":11},"end":{"line":29,"column":12}},"loc":{"start":{"line":29,"column":20},"end":{"line":29,"column":44}},"line":29},"5":{"name":"(anonymous_5)","decl":{"start":{"line":30,"column":15},"end":{"line":30,"column":16}},"loc":{"start":{"line":30,"column":24},"end":{"line":30,"column":51}},"line":30}},"branchMap":{},"s":{"0":1,"1":0,"2":0,"3":0,"4":0,"5":1,"6":1,"7":0,"8":0},"f":{"0":0,"1":0,"2":0,"3":0,"4":0,"5":0},"b":{},"_coverageSchema":"1a1c01bbd47fc00a2c39e90264f33305004495a9","hash":"d253fca3350b099e269b3130695b628e75364f8d"}
,"/Users/alexandremoraes/Desktop/Projetos/spotify-page/src/components/Lista/Lista.js": {"path":"/Users/alexandremoraes/Desktop/Projetos/spotify-page/src/components/Lista/Lista.js","statementMap":{"0":{"start":{"line":5,"column":14},"end":{"line":71,"column":1}},"1":{"start":{"line":6,"column":16},"end":{"line":57,"column":3}},"2":{"start":{"line":59,"column":2},"end":{"line":70,"column":4}},"3":{"start":{"line":63,"column":8},"end":{"line":67,"column":10}}},"fnMap":{"0":{"name":"(anonymous_0)","decl":{"start":{"line":5,"column":14},"end":{"line":5,"column":15}},"loc":{"start":{"line":5,"column":35},"end":{"line":71,"column":1}},"line":5},"1":{"name":"(anonymous_1)","decl":{"start":{"line":62,"column":17},"end":{"line":62,"column":18}},"loc":{"start":{"line":63,"column":8},"end":{"line":67,"column":10}},"line":63}},"branchMap":{},"s":{"0":1,"1":0,"2":0,"3":0},"f":{"0":0,"1":0},"b":{},"_coverageSchema":"1a1c01bbd47fc00a2c39e90264f33305004495a9","hash":"21b4d6c071545b2bf84173e51cd40425b860e4f9"}
,"/Users/alexandremoraes/Desktop/Projetos/spotify-page/src/components/Lista/Lista.styles.js": {"path":"/Users/alexandremoraes/Desktop/Projetos/spotify-page/src/components/Lista/Lista.styles.js","statementMap":{"0":{"start":{"line":3,"column":25},"end":{"line":8,"column":1}},"1":{"start":{"line":10,"column":22},"end":{"line":16,"column":1}},"2":{"start":{"line":11,"column":20},"end":{"line":11,"column":44}},"3":{"start":{"line":12,"column":24},"end":{"line":12,"column":49}}},"fnMap":{"0":{"name":"(anonymous_0)","decl":{"start":{"line":11,"column":11},"end":{"line":11,"column":12}},"loc":{"start":{"line":11,"column":20},"end":{"line":11,"column":44}},"line":11},"1":{"name":"(anonymous_1)","decl":{"start":{"line":12,"column":15},"end":{"line":12,"column":16}},"loc":{"start":{"line":12,"column":24},"end":{"line":12,"column":49}},"line":12}},"branchMap":{},"s":{"0":1,"1":1,"2":0,"3":0},"f":{"0":0,"1":0},"b":{},"_coverageSchema":"1a1c01bbd47fc00a2c39e90264f33305004495a9","hash":"1b80cabc17dd19625fb123a56d183431e0c3eeb0"}
,"/Users/alexandremoraes/Desktop/Projetos/spotify-page/src/pages/Callback/Callback.js": {"path":"/Users/alexandremoraes/Desktop/Projetos/spotify-page/src/pages/Callback/Callback.js","statementMap":{"0":{"start":{"line":6,"column":17},"end":{"line":32,"column":1}},"1":{"start":{"line":7,"column":18},"end":{"line":7,"column":30}},"2":{"start":{"line":8,"column":24},"end":{"line":25,"column":3}},"3":{"start":{"line":9,"column":21},"end":{"line":9,"column":23}},"4":{"start":{"line":11,"column":10},"end":{"line":11,"column":32}},"5":{"start":{"line":12,"column":10},"end":{"line":12,"column":43}},"6":{"start":{"line":13,"column":4},"end":{"line":13,"column":18}},"7":{"start":{"line":14,"column":4},"end":{"line":17,"column":5}},"8":{"start":{"line":15,"column":6},"end":{"line":15,"column":50}},"9":{"start":{"line":16,"column":6},"end":{"line":16,"column":20}},"10":{"start":{"line":18,"column":4},"end":{"line":18,"column":66}},"11":{"start":{"line":19,"column":4},"end":{"line":19,"column":26}},"12":{"start":{"line":27,"column":2},"end":{"line":29,"column":9}},"13":{"start":{"line":28,"column":4},"end":{"line":28,"column":20}},"14":{"start":{"line":31,"column":2},"end":{"line":31,"column":32}}},"fnMap":{"0":{"name":"(anonymous_0)","decl":{"start":{"line":6,"column":17},"end":{"line":6,"column":18}},"loc":{"start":{"line":6,"column":23},"end":{"line":32,"column":1}},"line":6},"1":{"name":"(anonymous_1)","decl":{"start":{"line":8,"column":24},"end":{"line":8,"column":25}},"loc":{"start":{"line":8,"column":30},"end":{"line":25,"column":3}},"line":8},"2":{"name":"(anonymous_2)","decl":{"start":{"line":27,"column":12},"end":{"line":27,"column":13}},"loc":{"start":{"line":27,"column":18},"end":{"line":29,"column":3}},"line":27}},"branchMap":{},"s":{"0":1,"1":0,"2":0,"3":0,"4":0,"5":0,"6":0,"7":0,"8":0,"9":0,"10":0,"11":0,"12":0,"13":0,"14":0},"f":{"0":0,"1":0,"2":0},"b":{},"_coverageSchema":"1a1c01bbd47fc00a2c39e90264f33305004495a9","hash":"dc4359c6f853b1515dd05b4a521d59a52fa3a944"}
,"/Users/alexandremoraes/Desktop/Projetos/spotify-page/src/pages/Home/Home.js": {"path":"/Users/alexandremoraes/Desktop/Projetos/spotify-page/src/pages/Home/Home.js","statementMap":{"0":{"start":{"line":6,"column":13},"end":{"line":13,"column":1}},"1":{"start":{"line":7,"column":2},"end":{"line":12,"column":4}}},"fnMap":{"0":{"name":"(anonymous_0)","decl":{"start":{"line":6,"column":13},"end":{"line":6,"column":14}},"loc":{"start":{"line":6,"column":19},"end":{"line":13,"column":1}},"line":6}},"branchMap":{},"s":{"0":1,"1":0},"f":{"0":0},"b":{},"_coverageSchema":"1a1c01bbd47fc00a2c39e90264f33305004495a9","hash":"c83725b56368587742359c2fccd1673e6a86cf4d"}
,"/Users/alexandremoraes/Desktop/Projetos/spotify-page/src/pages/Home/Home.styles.js": {"path":"/Users/alexandremoraes/Desktop/Projetos/spotify-page/src/pages/Home/Home.styles.js","statementMap":{"0":{"start":{"line":3,"column":25},"end":{"line":6,"column":1}},"1":{"start":{"line":4,"column":24},"end":{"line":4,"column":51}},"2":{"start":{"line":5,"column":20},"end":{"line":5,"column":44}},"3":{"start":{"line":8,"column":25},"end":{"line":10,"column":1}}},"fnMap":{"0":{"name":"(anonymous_0)","decl":{"start":{"line":4,"column":15},"end":{"line":4,"column":16}},"loc":{"start":{"line":4,"column":24},"end":{"line":4,"column":51}},"line":4},"1":{"name":"(anonymous_1)","decl":{"start":{"line":5,"column":11},"end":{"line":5,"column":12}},"loc":{"start":{"line":5,"column":20},"end":{"line":5,"column":44}},"line":5}},"branchMap":{},"s":{"0":1,"1":0,"2":0,"3":1},"f":{"0":0,"1":0},"b":{},"_coverageSchema":"1a1c01bbd47fc00a2c39e90264f33305004495a9","hash":"c5738d97379ba4a5c7409188c16e2ee2b9691061"}
,"/Users/alexandremoraes/Desktop/Projetos/spotify-page/src/pages/Login/Login.js": {"path":"/Users/alexandremoraes/Desktop/Projetos/spotify-page/src/pages/Login/Login.js","statementMap":{"0":{"start":{"line":4,"column":14},"end":{"line":8,"column":1}},"1":{"start":{"line":5,"column":14},"end":{"line":5,"column":24}},"2":{"start":{"line":7,"column":2},"end":{"line":7,"column":34}}},"fnMap":{"0":{"name":"(anonymous_0)","decl":{"start":{"line":4,"column":14},"end":{"line":4,"column":15}},"loc":{"start":{"line":4,"column":20},"end":{"line":8,"column":1}},"line":4}},"branchMap":{},"s":{"0":1,"1":2,"2":2},"f":{"0":2},"b":{},"_coverageSchema":"1a1c01bbd47fc00a2c39e90264f33305004495a9","hash":"412bb525de6ee88a961db12485955f768d284a0d"}
,"/Users/alexandremoraes/Desktop/Projetos/spotify-page/src/routes/Routes.js": {"path":"/Users/alexandremoraes/Desktop/Projetos/spotify-page/src/routes/Routes.js","statementMap":{"0":{"start":{"line":13,"column":15},"end":{"line":42,"column":1}},"1":{"start":{"line":14,"column":2},"end":{"line":16,"column":9}},"2":{"start":{"line":15,"column":4},"end":{"line":15,"column":30}},"3":{"start":{"line":18,"column":2},"end":{"line":41,"column":4}}},"fnMap":{"0":{"name":"(anonymous_0)","decl":{"start":{"line":13,"column":15},"end":{"line":13,"column":16}},"loc":{"start":{"line":13,"column":21},"end":{"line":42,"column":1}},"line":13},"1":{"name":"(anonymous_1)","decl":{"start":{"line":14,"column":12},"end":{"line":14,"column":13}},"loc":{"start":{"line":14,"column":18},"end":{"line":16,"column":3}},"line":14}},"branchMap":{},"s":{"0":1,"1":1,"2":1,"3":1},"f":{"0":1,"1":1},"b":{},"_coverageSchema":"1a1c01bbd47fc00a2c39e90264f33305004495a9","hash":"e9b7d826305cda2fd8bb2512113bea6c4fee3595"}
,"/Users/alexandremoraes/Desktop/Projetos/spotify-page/src/routes/Routes.styles.js": {"path":"/Users/alexandremoraes/Desktop/Projetos/spotify-page/src/routes/Routes.styles.js","statementMap":{"0":{"start":{"line":3,"column":25},"end":{"line":8,"column":1}}},"fnMap":{},"branchMap":{},"s":{"0":1},"f":{},"b":{},"_coverageSchema":"1a1c01bbd47fc00a2c39e90264f33305004495a9","hash":"53544da0a18413bc29bb5086a8bb58e45b0b2cf1"}
,"/Users/alexandremoraes/Desktop/Projetos/spotify-page/src/service/request.js": {"path":"/Users/alexandremoraes/Desktop/Projetos/spotify-page/src/service/request.js","statementMap":{"0":{"start":{"line":3,"column":28},"end":{"line":22,"column":1}},"1":{"start":{"line":4,"column":22},"end":{"line":9,"column":4}},"2":{"start":{"line":11,"column":2},"end":{"line":19,"column":4}},"3":{"start":{"line":12,"column":11},"end":{"line":12,"column":14}},"4":{"start":{"line":14,"column":6},"end":{"line":17,"column":7}},"5":{"start":{"line":15,"column":8},"end":{"line":15,"column":48}},"6":{"start":{"line":16,"column":8},"end":{"line":16,"column":35}},"7":{"start":{"line":21,"column":2},"end":{"line":21,"column":54}}},"fnMap":{"0":{"name":"(anonymous_0)","decl":{"start":{"line":3,"column":28},"end":{"line":3,"column":29}},"loc":{"start":{"line":3,"column":45},"end":{"line":22,"column":1}},"line":3},"1":{"name":"(anonymous_1)","decl":{"start":{"line":12,"column":4},"end":{"line":12,"column":5}},"loc":{"start":{"line":12,"column":11},"end":{"line":12,"column":14}},"line":12},"2":{"name":"(anonymous_2)","decl":{"start":{"line":13,"column":4},"end":{"line":13,"column":5}},"loc":{"start":{"line":13,"column":11},"end":{"line":18,"column":5}},"line":13}},"branchMap":{"0":{"loc":{"start":{"line":14,"column":6},"end":{"line":17,"column":7}},"type":"if","locations":[{"start":{"line":14,"column":6},"end":{"line":17,"column":7}},{"start":{},"end":{}}],"line":14}},"s":{"0":1,"1":0,"2":0,"3":0,"4":0,"5":0,"6":0,"7":0},"f":{"0":0,"1":0,"2":0},"b":{"0":[0,0]},"_coverageSchema":"1a1c01bbd47fc00a2c39e90264f33305004495a9","hash":"65c1150f90a8c6d51945eeca5ea55195fb1fc48c"}
,"/Users/alexandremoraes/Desktop/Projetos/spotify-page/src/utils/Theme.js": {"path":"/Users/alexandremoraes/Desktop/Projetos/spotify-page/src/utils/Theme.js","statementMap":{"0":{"start":{"line":1,"column":21},"end":{"line":13,"column":1}}},"fnMap":{},"branchMap":{},"s":{"0":2},"f":{},"b":{},"_coverageSchema":"1a1c01bbd47fc00a2c39e90264f33305004495a9","hash":"0758bee51049f15bbfcbd061be32ec3d38183c57"}
,"/Users/alexandremoraes/Desktop/Projetos/spotify-page/src/utils/hooks/useLogin.js": {"path":"/Users/alexandremoraes/Desktop/Projetos/spotify-page/src/utils/hooks/useLogin.js","statementMap":{"0":{"start":{"line":3,"column":24},"end":{"line":30,"column":1}},"1":{"start":{"line":4,"column":34},"end":{"line":4,"column":46}},"2":{"start":{"line":5,"column":31},"end":{"line":7,"column":3}},"3":{"start":{"line":6,"column":4},"end":{"line":6,"column":56}},"4":{"start":{"line":9,"column":22},"end":{"line":23,"column":3}},"5":{"start":{"line":10,"column":20},"end":{"line":10,"column":54}},"6":{"start":{"line":11,"column":23},"end":{"line":11,"column":55}},"7":{"start":{"line":12,"column":16},"end":{"line":12,"column":40}},"8":{"start":{"line":13,"column":16},"end":{"line":13,"column":51}},"9":{"start":{"line":14,"column":14},"end":{"line":14,"column":54}},"10":{"start":{"line":16,"column":4},"end":{"line":16,"column":34}},"11":{"start":{"line":17,"column":4},"end":{"line":17,"column":57}},"12":{"start":{"line":18,"column":4},"end":{"line":18,"column":49}},"13":{"start":{"line":19,"column":4},"end":{"line":19,"column":63}},"14":{"start":{"line":20,"column":4},"end":{"line":20,"column":49}},"15":{"start":{"line":22,"column":4},"end":{"line":22,"column":21}},"16":{"start":{"line":25,"column":2},"end":{"line":27,"column":9}},"17":{"start":{"line":26,"column":4},"end":{"line":26,"column":18}},"18":{"start":{"line":29,"column":2},"end":{"line":29,"column":18}}},"fnMap":{"0":{"name":"(anonymous_0)","decl":{"start":{"line":3,"column":24},"end":{"line":3,"column":25}},"loc":{"start":{"line":3,"column":30},"end":{"line":30,"column":1}},"line":3},"1":{"name":"(anonymous_1)","decl":{"start":{"line":5,"column":31},"end":{"line":5,"column":32}},"loc":{"start":{"line":5,"column":41},"end":{"line":7,"column":3}},"line":5},"2":{"name":"(anonymous_2)","decl":{"start":{"line":9,"column":22},"end":{"line":9,"column":23}},"loc":{"start":{"line":9,"column":28},"end":{"line":23,"column":3}},"line":9},"3":{"name":"(anonymous_3)","decl":{"start":{"line":25,"column":12},"end":{"line":25,"column":13}},"loc":{"start":{"line":25,"column":18},"end":{"line":27,"column":3}},"line":25}},"branchMap":{},"s":{"0":1,"1":2,"2":2,"3":1,"4":2,"5":1,"6":1,"7":1,"8":1,"9":1,"10":1,"11":1,"12":1,"13":1,"14":1,"15":1,"16":2,"17":1,"18":2},"f":{"0":2,"1":1,"2":1,"3":1},"b":{},"_coverageSchema":"1a1c01bbd47fc00a2c39e90264f33305004495a9","hash":"9438030d640ba68a2e07b0ce79d0d3a02ad41632"}
}
