TN:
SF:src/App.js
FN:9,(anonymous_0)
FNF:1
FNH:1
FNDA:1,(anonymous_0)
DA:9,1
DA:10,1
LF:2
LH:2
BRF:0
BRH:0
end_of_record
TN:
SF:src/components/Cartao/Cartao.js
FN:4,(anonymous_0)
FNF:1
FNH:1
FNDA:12,(anonymous_0)
DA:4,7
DA:6,12
LF:2
LH:2
BRF:0
BRH:0
end_of_record
TN:
SF:src/components/Historico/Historico.js
FN:8,(anonymous_0)
FN:10,(anonymous_1)
FN:18,(anonymous_2)
FN:24,(anonymous_3)
FN:34,(anonymous_4)
FNF:5
FNH:5
FNDA:4,(anonymous_0)
FNDA:4,(anonymous_1)
FNDA:2,(anonymous_2)
FNDA:1,(anonymous_3)
FNDA:4,(anonymous_4)
DA:8,4
DA:9,4
DA:10,4
DA:11,4
DA:14,4
DA:15,2
DA:19,2
DA:24,1
DA:30,2
DA:34,4
DA:35,4
LF:11
LH:11
BRDA:11,0,0,2
BRDA:11,0,1,2
BRDA:14,1,0,2
BRDA:14,1,1,2
BRF:4
BRH:4
end_of_record
TN:
SF:src/components/InputPesquisa/InputPesquisa.js
FN:6,(anonymous_0)
FN:10,(anonymous_1)
FN:12,(anonymous_2)
FN:13,(anonymous_3)
FN:25,(anonymous_4)
FN:34,(anonymous_5)
FN:36,(anonymous_6)
FN:40,(anonymous_7)
FNF:8
FNH:8
FNDA:5,(anonymous_0)
FNDA:4,(anonymous_1)
FNDA:1,(anonymous_2)
FNDA:1,(anonymous_3)
FNDA:1,(anonymous_4)
FNDA:3,(anonymous_5)
FNDA:1,(anonymous_6)
FNDA:6,(anonymous_7)
DA:6,4
DA:7,5
DA:8,5
DA:10,5
DA:11,4
DA:12,1
DA:13,1
DA:15,3
DA:19,5
DA:25,1
DA:34,4
DA:35,3
DA:36,1
DA:40,4
DA:41,6
LF:15
LH:15
BRDA:7,0,0,5
BRDA:7,0,1,5
BRDA:11,1,0,1
BRDA:11,1,1,3
BRF:4
BRH:4
end_of_record
TN:
SF:src/components/Lista/Lista.js
FN:9,(anonymous_0)
FN:11,(anonymous_1)
FN:20,(anonymous_2)
FN:26,(anonymous_3)
FN:41,(anonymous_4)
FN:43,(anonymous_5)
FN:47,(anonymous_6)
FNF:7
FNH:7
FNDA:4,(anonymous_0)
FNDA:8,(anonymous_1)
FNDA:4,(anonymous_2)
FNDA:2,(anonymous_3)
FNDA:4,(anonymous_4)
FNDA:2,(anonymous_5)
FNDA:6,(anonymous_6)
DA:9,4
DA:10,4
DA:11,4
DA:12,8
DA:15,4
DA:21,4
DA:27,2
DA:33,2
DA:41,4
DA:42,4
DA:43,2
DA:47,4
DA:48,6
LF:13
LH:13
BRDA:12,0,0,4
BRDA:12,0,1,4
BRDA:17,1,0,4
BRDA:17,1,1,2
BRDA:37,2,0,4
BRDA:37,2,1,2
BRF:6
BRH:6
end_of_record
TN:
SF:src/components/MusicaFaixa/MusicaFaixa.js
FN:4,(anonymous_0)
FNF:1
FNH:1
FNDA:7,(anonymous_0)
DA:4,5
DA:5,7
LF:2
LH:2
BRF:0
BRH:0
end_of_record
TN:
SF:src/components/Playlist/Playlist.js
FN:6,(anonymous_0)
FN:9,(anonymous_1)
FN:14,(anonymous_2)
FN:26,(anonymous_3)
FN:28,(anonymous_4)
FN:32,(anonymous_5)
FNF:6
FNH:5
FNDA:5,(anonymous_0)
FNDA:6,(anonymous_1)
FNDA:1,(anonymous_2)
FNDA:2,(anonymous_3)
FNDA:0,(anonymous_4)
FNDA:7,(anonymous_5)
DA:6,4
DA:7,5
DA:10,6
DA:15,1
DA:26,4
DA:27,2
DA:28,0
DA:32,4
DA:33,7
LF:9
LH:8
BRF:0
BRH:0
end_of_record
TN:
SF:src/components/TocadorDeMusica/TocadorDeMusica.js
FN:9,(anonymous_0)
FN:17,(anonymous_1)
FN:23,(anonymous_2)
FN:25,(anonymous_3)
FN:29,(anonymous_4)
FN:35,(anonymous_5)
FN:41,(anonymous_6)
FN:46,(anonymous_7)
FN:52,(anonymous_8)
FN:65,(anonymous_9)
FN:69,(anonymous_10)
FN:84,(anonymous_11)
FN:98,(anonymous_12)
FN:100,(anonymous_13)
FN:104,(anonymous_14)
FNF:15
FNH:8
FNDA:4,(anonymous_0)
FNDA:1,(anonymous_1)
FNDA:1,(anonymous_2)
FNDA:0,(anonymous_3)
FNDA:0,(anonymous_4)
FNDA:1,(anonymous_5)
FNDA:2,(anonymous_6)
FNDA:1,(anonymous_7)
FNDA:0,(anonymous_8)
FNDA:1,(anonymous_9)
FNDA:1,(anonymous_10)
FNDA:0,(anonymous_11)
FNDA:0,(anonymous_12)
FNDA:0,(anonymous_13)
FNDA:0,(anonymous_14)
DA:9,3
DA:10,4
DA:11,4
DA:12,4
DA:13,4
DA:15,4
DA:17,4
DA:18,1
DA:19,1
DA:20,1
DA:23,4
DA:24,1
DA:25,1
DA:26,0
DA:29,1
DA:30,0
DA:31,0
DA:33,1
DA:34,1
DA:35,1
DA:36,1
DA:37,1
DA:41,4
DA:42,2
DA:43,2
DA:46,4
DA:47,1
DA:48,1
DA:49,1
DA:52,4
DA:53,0
DA:56,4
DA:57,3
DA:65,1
DA:69,1
DA:84,0
DA:94,1
DA:98,3
DA:99,0
DA:100,0
DA:104,3
DA:105,0
LF:42
LH:34
BRDA:56,0,0,3
BRDA:56,0,1,1
BRDA:64,1,0,1
BRDA:64,1,1,2
BRDA:83,2,0,0
BRDA:83,2,1,3
BRDA:87,3,0,0
BRDA:87,3,1,3
BRF:8
BRH:6
end_of_record
TN:
SF:src/pages/Album/Album.js
FN:9,(anonymous_0)
FN:13,(anonymous_1)
FN:21,(anonymous_2)
FN:47,(anonymous_3)
FN:49,(anonymous_4)
FN:50,(anonymous_5)
FN:54,(anonymous_6)
FNF:7
FNH:7
FNDA:4,(anonymous_0)
FNDA:2,(anonymous_1)
FNDA:1,(anonymous_2)
FNDA:2,(anonymous_3)
FNDA:2,(anonymous_4)
FNDA:1,(anonymous_5)
FNDA:7,(anonymous_6)
DA:9,3
DA:10,4
DA:11,4
DA:13,4
DA:14,2
DA:17,4
DA:22,1
DA:23,1
DA:47,3
DA:48,2
DA:49,2
DA:50,1
DA:54,3
DA:55,7
LF:14
LH:14
BRF:0
BRH:0
end_of_record
TN:
SF:src/pages/Callback/Callback.js
FN:4,(anonymous_0)
FN:6,(anonymous_1)
FN:20,(anonymous_2)
FNF:3
FNH:3
FNDA:1,(anonymous_0)
FNDA:1,(anonymous_1)
FNDA:1,(anonymous_2)
DA:4,3
DA:5,1
DA:6,1
DA:7,1
DA:9,1
DA:10,1
DA:11,1
DA:12,1
DA:13,4
DA:14,4
DA:16,1
DA:17,1
DA:20,1
DA:21,1
DA:24,1
LF:15
LH:15
BRF:0
BRH:0
end_of_record
TN:
SF:src/pages/Home/Home.js
FN:7,(anonymous_0)
FNF:1
FNH:1
FNDA:2,(anonymous_0)
DA:7,3
DA:8,2
LF:2
LH:2
BRF:0
BRH:0
end_of_record
TN:
SF:src/pages/Login/Login.js
FN:5,(anonymous_0)
FNF:1
FNH:1
FNDA:6,(anonymous_0)
DA:5,3
DA:6,6
DA:8,6
LF:3
LH:3
BRF:0
BRH:0
end_of_record
TN:
SF:src/redux/actions.js
FN:16,(anonymous_0)
FN:17,(anonymous_1)
FN:26,(anonymous_2)
FN:35,(anonymous_3)
FN:49,(anonymous_4)
FN:55,(anonymous_5)
FN:62,(anonymous_6)
FN:69,(anonymous_7)
FN:70,(anonymous_8)
FN:75,(anonymous_9)
FN:88,(anonymous_10)
FN:94,(anonymous_11)
FN:100,(anonymous_12)
FN:107,(anonymous_13)
FN:114,(anonymous_14)
FN:121,(anonymous_15)
FN:128,(anonymous_16)
FNF:17
FNH:16
FNDA:4,(anonymous_0)
FNDA:4,(anonymous_1)
FNDA:2,(anonymous_2)
FNDA:2,(anonymous_3)
FNDA:4,(anonymous_4)
FNDA:2,(anonymous_5)
FNDA:2,(anonymous_6)
FNDA:4,(anonymous_7)
FNDA:4,(anonymous_8)
FNDA:3,(anonymous_9)
FNDA:3,(anonymous_10)
FNDA:4,(anonymous_11)
FNDA:1,(anonymous_12)
FNDA:3,(anonymous_13)
FNDA:0,(anonymous_14)
FNDA:1,(anonymous_15)
FNDA:2,(anonymous_16)
DA:16,9
DA:17,4
DA:18,4
DA:19,4
DA:20,3
DA:27,2
DA:28,1
DA:36,2
DA:39,1
DA:49,9
DA:50,4
DA:55,9
DA:56,2
DA:62,9
DA:63,2
DA:69,9
DA:70,4
DA:71,4
DA:72,4
DA:76,3
DA:77,1
DA:89,3
DA:94,9
DA:95,4
DA:100,9
DA:101,1
DA:107,9
DA:108,3
DA:114,9
DA:115,0
DA:121,9
DA:122,1
DA:128,9
DA:129,2
LF:34
LH:33
BRDA:19,0,0,3
BRDA:19,0,1,1
BRF:2
BRH:2
end_of_record
TN:
SF:src/redux/constants.js
FNF:0
FNH:0
DA:1,14
DA:2,14
DA:3,14
DA:5,14
DA:6,14
DA:7,14
DA:9,14
DA:10,14
DA:12,14
LF:9
LH:9
BRF:0
BRH:0
end_of_record
TN:
SF:src/redux/reducers.js
FN:37,(anonymous_0)
FN:62,(anonymous_1)
FN:88,(anonymous_2)
FN:106,(anonymous_3)
FNF:4
FNH:4
FNDA:46,(anonymous_0)
FNDA:46,(anonymous_1)
FNDA:42,(anonymous_2)
FNDA:42,(anonymous_3)
DA:14,11
DA:21,11
DA:28,11
DA:33,11
DA:37,11
DA:38,46
DA:40,2
DA:45,1
DA:52,2
DA:58,41
DA:62,11
DA:63,46
DA:65,3
DA:70,1
DA:77,3
DA:84,39
DA:88,11
DA:89,42
DA:91,1
DA:96,0
DA:102,41
DA:106,11
DA:107,42
DA:109,2
DA:113,40
DA:117,11
LF:26
LH:25
BRDA:37,0,0,28
BRDA:38,1,0,2
BRDA:38,1,1,1
BRDA:38,1,2,2
BRDA:38,1,3,41
BRDA:62,2,0,31
BRDA:63,3,0,3
BRDA:63,3,1,1
BRDA:63,3,2,3
BRDA:63,3,3,39
BRDA:88,4,0,33
BRDA:89,5,0,1
BRDA:89,5,1,0
BRDA:89,5,2,41
BRDA:106,6,0,32
BRDA:107,7,0,2
BRDA:107,7,1,40
BRF:17
BRH:16
end_of_record
TN:
SF:src/redux/store.js
FNF:0
FNH:0
DA:7,2
LF:1
LH:1
BRF:0
BRH:0
end_of_record
TN:
SF:src/redux/__test__/mockresponse.js
FNF:0
FNH:0
DA:1,1
DA:60,1
LF:2
LH:2
BRF:0
BRH:0
end_of_record
TN:
SF:src/routes/Routes.js
FN:17,(anonymous_0)
FNF:1
FNH:1
FNDA:4,(anonymous_0)
DA:17,2
DA:18,4
DA:19,4
LF:3
LH:3
BRDA:39,0,0,0
BRDA:39,0,1,4
BRDA:46,1,0,4
BRDA:46,1,1,0
BRF:4
BRH:2
end_of_record
TN:
SF:src/service/request.js
FN:3,(anonymous_0)
FN:12,(anonymous_1)
FN:13,(anonymous_2)
FNF:3
FNH:1
FNDA:1,(anonymous_0)
FNDA:0,(anonymous_1)
FNDA:0,(anonymous_2)
DA:3,8
DA:4,1
DA:11,1
DA:12,0
DA:14,0
DA:15,0
DA:16,0
DA:18,0
DA:22,1
LF:9
LH:4
BRDA:14,0,0,0
BRDA:14,0,1,0
BRF:2
BRH:0
end_of_record
TN:
SF:src/utils/Theme.js
FNF:0
FNH:0
DA:1,13
LF:1
LH:1
BRF:0
BRH:0
end_of_record
TN:
SF:src/utils/formatador.js
FN:1,(anonymous_0)
FN:2,(anonymous_1)
FN:5,(anonymous_2)
FN:8,(anonymous_3)
FN:18,(anonymous_4)
FN:19,(anonymous_5)
FN:28,(anonymous_6)
FN:34,(anonymous_7)
FN:36,(anonymous_8)
FNF:9
FNH:9
FNDA:2,(anonymous_0)
FNDA:2,(anonymous_1)
FNDA:2,(anonymous_2)
FNDA:1,(anonymous_3)
FNDA:8,(anonymous_4)
FNDA:9,(anonymous_5)
FNDA:7,(anonymous_6)
FNDA:3,(anonymous_7)
FNDA:1,(anonymous_8)
DA:1,11
DA:2,2
DA:5,11
DA:6,2
DA:8,1
DA:9,1
DA:18,11
DA:19,8
DA:20,9
DA:21,8
DA:23,1
DA:28,11
DA:29,7
DA:30,7
DA:31,7
DA:34,11
DA:35,3
DA:36,1
DA:37,1
DA:44,1
DA:50,1
LF:21
LH:21
BRDA:20,0,0,8
BRDA:20,0,1,1
BRDA:31,1,0,6
BRDA:31,1,1,1
BRF:4
BRH:4
end_of_record
TN:
SF:src/utils/test-utils.js
FN:11,(anonymous_0)
FN:19,(anonymous_1)
FNF:2
FNH:2
FNDA:9,(anonymous_0)
FNDA:9,(anonymous_1)
DA:11,8
DA:19,9
DA:20,9
DA:26,9
LF:4
LH:4
BRDA:13,0,0,0
BRDA:15,1,0,9
BRF:2
BRH:1
end_of_record
TN:
SF:src/utils/hooks/useAuthentication.js
FN:3,(anonymous_0)
FN:6,(anonymous_1)
FN:10,(anonymous_2)
FNF:3
FNH:3
FNDA:4,(anonymous_0)
FNDA:2,(anonymous_1)
FNDA:2,(anonymous_2)
DA:3,2
DA:4,4
DA:6,4
DA:7,2
DA:10,4
DA:11,2
DA:14,4
LF:7
LH:7
BRF:0
BRH:0
end_of_record
TN:
SF:src/utils/hooks/useLogin.js
FN:3,(anonymous_0)
FN:5,(anonymous_1)
FN:9,(anonymous_2)
FN:25,(anonymous_3)
FNF:4
FNH:4
FNDA:6,(anonymous_0)
FNDA:3,(anonymous_1)
FNDA:3,(anonymous_2)
FNDA:3,(anonymous_3)
DA:3,3
DA:4,6
DA:5,6
DA:6,3
DA:9,6
DA:10,3
DA:11,3
DA:12,3
DA:13,3
DA:14,3
DA:16,3
DA:17,3
DA:18,3
DA:19,3
DA:20,3
DA:22,3
DA:25,6
DA:26,3
DA:29,6
LF:19
LH:19
BRF:0
BRH:0
end_of_record
